kotlin version: 2.2.21
error message: java.lang.RuntimeException: Exception while generating code for:
FUN name:FamilyDeleteFragmentScreen visibility:public modality:FINAL returnType:kotlin.Unit
  VALUE_PARAMETER kind:Regular name:viewModel index:0 type:com.google.android.gms.family.v2.manage.model.FamilyViewModel
  VALUE_PARAMETER kind:Regular name:displayName index:1 type:kotlin.String
  VALUE_PARAMETER kind:Regular name:leaveFamily index:2 type:kotlin.Boolean
  VALUE_PARAMETER kind:Regular name:onHelpClick index:3 type:kotlin.Function1<com.google.android.gms.family.v2.model.HelpData, kotlin.Unit>
  VALUE_PARAMETER kind:Regular name:onCancelDelete index:4 type:kotlin.Function0<kotlin.Unit>
  VALUE_PARAMETER kind:Regular name:onValidatePassword index:5 type:kotlin.Function2<kotlin.String, com.google.android.gms.family.model.MemberDataModel, kotlin.Unit>
  VALUE_PARAMETER kind:Regular name:onCheckPasswordSuccess index:6 type:kotlin.Function1<com.google.android.gms.family.model.MemberDataModel, kotlin.Unit>
  annotations:
    Composable
  BLOCK_BODY
    VAR PROPERTY_DELEGATE name:uiState$delegate type:androidx.compose.runtime.State<com.google.android.gms.family.v2.manage.model.UiState> [val]
      TYPE_OP type=androidx.compose.runtime.State<com.google.android.gms.family.v2.manage.model.UiState> origin=IMPLICIT_CAST typeOperand=androidx.compose.runtime.State<com.google.android.gms.family.v2.manage.model.UiState>
        CALL 'public final fun collectAsState$default <T> (<this>: kotlinx.coroutines.flow.StateFlow<T of androidx.compose.runtime.SnapshotStateKt.collectAsState$default>, context: kotlin.coroutines.CoroutineContext?, $mask0: kotlin.Int, $handler: kotlin.Any?): androidx.compose.runtime.State<T of androidx.compose.runtime.SnapshotStateKt.collectAsState$default> declared in androidx.compose.runtime.SnapshotStateKt' type=androidx.compose.runtime.State<T of androidx.compose.runtime.SnapshotStateKt.collectAsState$default> origin=DEFAULT_DISPATCH_CALL
          TYPE_ARG T: com.google.android.gms.family.v2.manage.model.UiState
          ARG <this>: CALL 'public final fun <get-uiState> (): kotlinx.coroutines.flow.StateFlow<com.google.android.gms.family.v2.manage.model.UiState> declared in com.google.android.gms.family.v2.manage.model.FamilyViewModel' type=kotlinx.coroutines.flow.StateFlow<com.google.android.gms.family.v2.manage.model.UiState> origin=GET_PROPERTY
            ARG <this>: GET_VAR 'viewModel: com.google.android.gms.family.v2.manage.model.FamilyViewModel declared in com.google.android.gms.family.v2.manage.ui.DeleteUIKt.FamilyDeleteFragmentScreen' type=com.google.android.gms.family.v2.manage.model.FamilyViewModel origin=null
          ARG context: COMPOSITE type=kotlin.coroutines.CoroutineContext? origin=DEFAULT_VALUE
            CONST Null type=kotlin.coroutines.CoroutineContext? value=null
          ARG $mask0: CONST Int type=kotlin.Int value=1
          ARG $handler: CONST Null type=kotlin.Any? value=null
    VAR PROPERTY_DELEGATE name:passwordState$delegate type:androidx.compose.runtime.State<com.google.android.gms.family.v2.manage.model.PasswordCheckState> [val]
      TYPE_OP type=androidx.compose.runtime.State<com.google.android.gms.family.v2.manage.model.PasswordCheckState> origin=IMPLICIT_CAST typeOperand=androidx.compose.runtime.State<com.google.android.gms.family.v2.manage.model.PasswordCheckState>
        CALL 'public final fun collectAsState$default <T> (<this>: kotlinx.coroutines.flow.StateFlow<T of androidx.compose.runtime.SnapshotStateKt.collectAsState$default>, context: kotlin.coroutines.CoroutineContext?, $mask0: kotlin.Int, $handler: kotlin.Any?): androidx.compose.runtime.State<T of androidx.compose.runtime.SnapshotStateKt.collectAsState$default> declared in androidx.compose.runtime.SnapshotStateKt' type=androidx.compose.runtime.State<T of androidx.compose.runtime.SnapshotStateKt.collectAsState$default> origin=DEFAULT_DISPATCH_CALL
          TYPE_ARG T: com.google.android.gms.family.v2.manage.model.PasswordCheckState
          ARG <this>: CALL 'public final fun <get-passwordCheckState> (): kotlinx.coroutines.flow.StateFlow<com.google.android.gms.family.v2.manage.model.PasswordCheckState> declared in com.google.android.gms.family.v2.manage.model.FamilyViewModel' type=kotlinx.coroutines.flow.StateFlow<com.google.android.gms.family.v2.manage.model.PasswordCheckState> origin=GET_PROPERTY
            ARG <this>: GET_VAR 'viewModel: com.google.android.gms.family.v2.manage.model.FamilyViewModel declared in com.google.android.gms.family.v2.manage.ui.DeleteUIKt.FamilyDeleteFragmentScreen' type=com.google.android.gms.family.v2.manage.model.FamilyViewModel origin=null
          ARG context: COMPOSITE type=kotlin.coroutines.CoroutineContext? origin=DEFAULT_VALUE
            CONST Null type=kotlin.coroutines.CoroutineContext? value=null
          ARG $mask0: CONST Int type=kotlin.Int value=1
          ARG $handler: CONST Null type=kotlin.Any? value=null
    VAR PROPERTY_DELEGATE name:showDialog$delegate type:androidx.compose.runtime.MutableState<kotlin.Boolean> [val]
      CALL 'public final fun remember <T> (calculation: @[DisallowComposableCalls] kotlin.Function0<T of androidx.compose.runtime.ComposablesKt.remember>): T of androidx.compose.runtime.ComposablesKt.remember [inline] declared in androidx.compose.runtime.ComposablesKt' type=androidx.compose.runtime.MutableState<kotlin.Boolean> origin=null
        TYPE_ARG T: androidx.compose.runtime.MutableState<kotlin.Boolean>
        ARG calculation: BLOCK type=kotlin.Function0<androidx.compose.runtime.MutableState<kotlin.Boolean>> origin=LAMBDA
          COMPOSITE type=kotlin.Unit origin=null
          FUNCTION_REFERENCE 'private final fun FamilyDeleteFragmentScreen$lambda$2 (): androidx.compose.runtime.MutableState<kotlin.Boolean> declared in com.google.android.gms.family.v2.manage.ui.DeleteUIKt' type=kotlin.Function0<androidx.compose.runtime.MutableState<kotlin.Boolean>> origin=INLINE_LAMBDA reflectionTarget=null
    VAR PROPERTY_DELEGATE name:password$delegate type:androidx.compose.runtime.MutableState<kotlin.String> [val]
      CALL 'public final fun remember <T> (calculation: @[DisallowComposableCalls] kotlin.Function0<T of androidx.compose.runtime.ComposablesKt.remember>): T of androidx.compose.runtime.ComposablesKt.remember [inline] declared in androidx.compose.runtime.ComposablesKt' type=androidx.compose.runtime.MutableState<kotlin.String> origin=null
        TYPE_ARG T: androidx.compose.runtime.MutableState<kotlin.String>
        ARG calculation: BLOCK type=kotlin.Function0<androidx.compose.runtime.MutableState<kotlin.String>> origin=LAMBDA
          COMPOSITE type=kotlin.Unit origin=null
          FUNCTION_REFERENCE 'private final fun FamilyDeleteFragmentScreen$lambda$5 (): androidx.compose.runtime.MutableState<kotlin.String> declared in com.google.android.gms.family.v2.manage.ui.DeleteUIKt' type=kotlin.Function0<androidx.compose.runtime.MutableState<kotlin.String>> origin=INLINE_LAMBDA reflectionTarget=null
    CALL 'public final fun LaunchedEffect (key1: kotlin.Any?, block: @[ExtensionFunctionType] kotlin.coroutines.SuspendFunction1<kotlinx.coroutines.CoroutineScope, kotlin.Unit>): kotlin.Unit declared in androidx.compose.runtime.EffectsKt' type=kotlin.Unit origin=null
      ARG key1: CALL 'private final fun FamilyDeleteFragmentScreen$lambda$1 ($passwordState$delegate: androidx.compose.runtime.State<com.google.android.gms.family.v2.manage.model.PasswordCheckState>): com.google.android.gms.family.v2.manage.model.PasswordCheckState declared in com.google.android.gms.family.v2.manage.ui.DeleteUIKt' type=com.google.android.gms.family.v2.manage.model.PasswordCheckState origin=GET_LOCAL_PROPERTY
        ARG $passwordState$delegate: GET_VAR 'val passwordState$delegate: androidx.compose.runtime.State<com.google.android.gms.family.v2.manage.model.PasswordCheckState> [val] declared in com.google.android.gms.family.v2.manage.ui.DeleteUIKt.FamilyDeleteFragmentScreen' type=androidx.compose.runtime.State<com.google.android.gms.family.v2.manage.model.PasswordCheckState> origin=null
      ARG block: BLOCK type=com.google.android.gms.family.v2.manage.ui.DeleteUIKt.FamilyDeleteFragmentScreen.<no name provided> origin=null
        CLASS SUSPEND_LAMBDA CLASS name:<no name provided> modality:FINAL visibility:public/*package*/ superTypes:[kotlin.coroutines.jvm.internal.SuspendLambda; kotlin.jvm.functions.Function2<kotlinx.coroutines.CoroutineScope, kotlin.coroutines.Continuation<kotlin.Unit>?, kotlin.Any?>]
          thisReceiver: VALUE_PARAMETER INSTANCE_RECEIVER kind:DispatchReceiver name:<this> type:com.google.android.gms.family.v2.manage.ui.DeleteUIKt.FamilyDeleteFragmentScreen.<no name provided>
          FIELD name:label type:kotlin.Int visibility:public/*package*/
          CONSTRUCTOR SUSPEND_LAMBDA visibility:public/*package*/ returnType:com.google.android.gms.family.v2.manage.ui.DeleteUIKt.FamilyDeleteFragmentScreen.<no name provided> [primary]
            VALUE_PARAMETER BOUND_VALUE_PARAMETER kind:Regular name:$onCheckPasswordSuccess index:0 type:kotlin.Function1<com.google.android.gms.family.model.MemberDataModel, kotlin.Unit>
            VALUE_PARAMETER BOUND_VALUE_PARAMETER kind:Regular name:$viewModel index:1 type:com.google.android.gms.family.v2.manage.model.FamilyViewModel
            VALUE_PARAMETER BOUND_VALUE_PARAMETER kind:Regular name:$passwordState$delegate index:2 type:androidx.compose.runtime.State<com.google.android.gms.family.v2.manage.model.PasswordCheckState>
            VALUE_PARAMETER BOUND_VALUE_PARAMETER kind:Regular name:$showDialog$delegate index:3 type:androidx.compose.runtime.MutableState<kotlin.Boolean>
            VALUE_PARAMETER BOUND_VALUE_PARAMETER kind:Regular name:$password$delegate index:4 type:androidx.compose.runtime.MutableState<kotlin.String>
            VALUE_PARAMETER kind:Regular name:$completion index:5 type:kotlin.coroutines.Continuation<com.google.android.gms.family.v2.manage.ui.DeleteUIKt.FamilyDeleteFragmentScreen.<no name provided>>?
            BLOCK_BODY
              SET_FIELD 'FIELD FIELD_FOR_CAPTURED_VALUE name:$onCheckPasswordSuccess type:kotlin.Function1<com.google.android.gms.family.model.MemberDataModel, kotlin.Unit> visibility:public/*package*/ [final] declared in com.google.android.gms.family.v2.manage.ui.DeleteUIKt.FamilyDeleteFragmentScreen.<no name provided>' type=kotlin.Unit origin=INITIALIZER_OF_FIELD_FOR_CAPTURED_VALUE
                receiver: GET_VAR '<this>: com.google.android.gms.family.v2.manage.ui.DeleteUIKt.FamilyDeleteFragmentScreen.<no name provided> declared in com.google.android.gms.family.v2.manage.ui.DeleteUIKt.FamilyDeleteFragmentScreen.<no name provided>' type=com.google.android.gms.family.v2.manage.ui.DeleteUIKt.FamilyDeleteFragmentScreen.<no name provided> origin=null
                value: GET_VAR '$onCheckPasswordSuccess: kotlin.Function1<com.google.android.gms.family.model.MemberDataModel, kotlin.Unit> declared in com.google.android.gms.family.v2.manage.ui.DeleteUIKt.FamilyDeleteFragmentScreen.<no name provided>.<init>' type=kotlin.Function1<com.google.android.gms.family.model.MemberDataModel, kotlin.Unit> origin=null
              SET_FIELD 'FIELD FIELD_FOR_CAPTURED_VALUE name:$viewModel type:com.google.android.gms.family.v2.manage.model.FamilyViewModel visibility:public/*package*/ [final] declared in com.google.android.gms.family.v2.manage.ui.DeleteUIKt.FamilyDeleteFragmentScreen.<no name provided>' type=kotlin.Unit origin=INITIALIZER_OF_FIELD_FOR_CAPTURED_VALUE
                receiver: GET_VAR '<this>: com.google.android.gms.family.v2.manage.ui.DeleteUIKt.FamilyDeleteFragmentScreen.<no name provided> declared in com.google.android.gms.family.v2.manage.ui.DeleteUIKt.FamilyDeleteFragmentScreen.<no name provided>' type=com.google.android.gms.family.v2.manage.ui.DeleteUIKt.FamilyDeleteFragmentScreen.<no name provided> origin=null
                value: GET_VAR '$viewModel: com.google.android.gms.family.v2.manage.model.FamilyViewModel declared in com.google.android.gms.family.v2.manage.ui.DeleteUIKt.FamilyDeleteFragmentScreen.<no name provided>.<init>' type=com.google.android.gms.family.v2.manage.model.FamilyViewModel origin=null
              SET_FIELD 'FIELD FIELD_FOR_CAPTURED_VALUE name:$passwordState$delegate type:androidx.compose.runtime.State<com.google.android.gms.family.v2.manage.model.PasswordCheckState> visibility:public/*package*/ [final] declared in com.google.android.gms.family.v2.manage.ui.DeleteUIKt.FamilyDeleteFragmentScreen.<no name provided>' type=kotlin.Unit origin=INITIALIZER_OF_FIELD_FOR_CAPTURED_VALUE
                receiver: GET_VAR '<this>: com.google.android.gms.family.v2.manage.ui.DeleteUIKt.FamilyDeleteFragmentScreen.<no name provided> declared in com.google.android.gms.family.v2.manage.ui.DeleteUIKt.FamilyDeleteFragmentScreen.<no name provided>' type=com.google.android.gms.family.v2.manage.ui.DeleteUIKt.FamilyDeleteFragmentScreen.<no name provided> origin=null
                value: GET_VAR '$passwordState$delegate: androidx.compose.runtime.State<com.google.android.gms.family.v2.manage.model.PasswordCheckState> declared in com.google.android.gms.family.v2.manage.ui.DeleteUIKt.FamilyDeleteFragmentScreen.<no name provided>.<init>' type=androidx.compose.runtime.State<com.google.android.gms.family.v2.manage.model.PasswordCheckState> origin=null
              SET_FIELD 'FIELD FIELD_FOR_CAPTURED_VALUE name:$showDialog$delegate type:androidx.compose.runtime.MutableState<kotlin.Boolean> visibility:public/*package*/ [final] declared in com.google.android.gms.family.v2.manage.ui.DeleteUIKt.FamilyDeleteFragmentScreen.<no name provided>' type=kotlin.Unit origin=INITIALIZER_OF_FIELD_FOR_CAPTURED_VALUE
                receiver: GET_VAR '<this>: com.google.android.gms.family.v2.manage.ui.DeleteUIKt.FamilyDeleteFragmentScreen.<no name provided> declared in com.google.android.gms.family.v2.manage.ui.DeleteUIKt.FamilyDeleteFragmentScreen.<no name provided>' type=com.google.android.gms.family.v2.manage.ui.DeleteUIKt.FamilyDeleteFragmentScreen.<no name provided> origin=null
                value: GET_VAR '$showDialog$delegate: androidx.compose.runtime.MutableState<kotlin.Boolean> declared in com.google.android.gms.family.v2.manage.ui.DeleteUIKt.FamilyDeleteFragmentScreen.<no name provided>.<init>' type=androidx.compose.runtime.MutableState<kotlin.Boolean> origin=null
              SET_FIELD 'FIELD FIELD_FOR_CAPTURED_VALUE name:$password$delegate type:androidx.compose.runtime.MutableState<kotlin.String> visibility:public/*package*/ [final] declared in com.google.android.gms.family.v2.manage.ui.DeleteUIKt.FamilyDeleteFragmentScreen.<no name provided>' type=kotlin.Unit origin=INITIALIZER_OF_FIELD_FOR_CAPTURED_VALUE
                receiver: GET_VAR '<this>: com.google.android.gms.family.v2.manage.ui.DeleteUIKt.FamilyDeleteFragmentScreen.<no name provided> declared in com.google.android.gms.family.v2.manage.ui.DeleteUIKt.FamilyDeleteFragmentScreen.<no name provided>' type=com.google.android.gms.family.v2.manage.ui.DeleteUIKt.FamilyDeleteFragmentScreen.<no name provided> origin=null
                value: GET_VAR '$password$delegate: androidx.compose.runtime.MutableState<kotlin.String> declared in com.google.android.gms.family.v2.manage.ui.DeleteUIKt.FamilyDeleteFragmentScreen.<no name provided>.<init>' type=androidx.compose.runtime.MutableState<kotlin.String> origin=null
              DELEGATING_CONSTRUCTOR_CALL 'public constructor <init> (arity: kotlin.Int, $completion: kotlin.coroutines.Continuation<kotlin.Any?>?) declared in kotlin.coroutines.jvm.internal.SuspendLambda'
                ARG arity: CONST Int type=kotlin.Int value=2
                ARG $completion: GET_VAR '$completion: kotlin.coroutines.Continuation<com.google.android.gms.family.v2.manage.ui.DeleteUIKt.FamilyDeleteFragmentScreen.<no name provided>>? declared in com.google.android.gms.family.v2.manage.ui.DeleteUIKt.FamilyDeleteFragmentScreen.<no name provided>.<init>' type=kotlin.coroutines.Continuation<com.google.android.gms.family.v2.manage.ui.DeleteUIKt.FamilyDeleteFragmentScreen.<no name provided>>? origin=null
              BLOCK type=kotlin.Unit origin=null
          FUN name:invokeSuspend visibility:public modality:FINAL returnType:kotlin.Any?
            VALUE_PARAMETER INSTANCE_RECEIVER kind:DispatchReceiver name:<this> index:0 type:com.google.android.gms.family.v2.manage.ui.DeleteUIKt.FamilyDeleteFragmentScreen.<no name provided>
            VALUE_PARAMETER kind:Regular name:$result index:1 type:kotlin.Result<kotlin.Any?>
            overridden:
              protected abstract fun invokeSuspend ($result: kotlin.Result<kotlin.Any?>): kotlin.Any? declared in kotlin.coroutines.jvm.internal.SuspendLambda
            BLOCK_BODY
              WHEN type=kotlin.Unit origin=IF
                BRANCH
                  if: TYPE_OP type=kotlin.Boolean origin=INSTANCEOF typeOperand=com.google.android.gms.family.v2.manage.model.PasswordCheckState.Success
                    CALL 'public final fun access$FamilyDeleteFragmentScreen$lambda$1 ($passwordState$delegate: androidx.compose.runtime.State<com.google.android.gms.family.v2.manage.model.PasswordCheckState>): com.google.android.gms.family.v2.manage.model.PasswordCheckState declared in com.google.android.gms.family.v2.manage.ui.DeleteUIKt' type=com.google.android.gms.family.v2.manage.model.PasswordCheckState origin=GET_LOCAL_PROPERTY
                      ARG $passwordState$delegate: GET_FIELD 'FIELD FIELD_FOR_CAPTURED_VALUE name:$passwordState$delegate type:androidx.compose.runtime.State<com.google.android.gms.family.v2.manage.model.PasswordCheckState> visibility:public/*package*/ [final] declared in com.google.android.gms.family.v2.manage.ui.DeleteUIKt.FamilyDeleteFragmentScreen.<no name provided>' type=androidx.compose.runtime.State<com.google.android.gms.family.v2.manage.model.PasswordCheckState> origin=null
                        receiver: GET_VAR '<this>: com.google.android.gms.family.v2.manage.ui.DeleteUIKt.FamilyDeleteFragmentScreen.<no name provided> declared in com.google.android.gms.family.v2.manage.ui.DeleteUIKt.FamilyDeleteFragmentScreen.<no name provided>.invokeSuspend' type=com.google.android.gms.family.v2.manage.ui.DeleteUIKt.FamilyDeleteFragmentScreen.<no name provided> origin=null
                  then: BLOCK type=kotlin.Unit origin=null
                    CALL 'public abstract fun invoke (p1: P1 of kotlin.Function1): R of kotlin.Function1 [operator] declared in kotlin.Function1' type=kotlin.Unit origin=INVOKE
                      ARG <this>: GET_FIELD 'FIELD FIELD_FOR_CAPTURED_VALUE name:$onCheckPasswordSuccess type:kotlin.Function1<com.google.android.gms.family.model.MemberDataModel, kotlin.Unit> visibility:public/*package*/ [final] declared in com.google.android.gms.family.v2.manage.ui.DeleteUIKt.FamilyDeleteFragmentScreen.<no name provided>' type=kotlin.Function1<com.google.android.gms.family.model.MemberDataModel, kotlin.Unit> origin=null
                        receiver: GET_VAR '<this>: com.google.android.gms.family.v2.manage.ui.DeleteUIKt.FamilyDeleteFragmentScreen.<no name provided> declared in com.google.android.gms.family.v2.manage.ui.DeleteUIKt.FamilyDeleteFragmentScreen.<no name provided>.invokeSuspend' type=com.google.android.gms.family.v2.manage.ui.DeleteUIKt.FamilyDeleteFragmentScreen.<no name provided> origin=null
                      ARG p1: CALL 'public final fun <get-member> (): com.google.android.gms.family.model.MemberDataModel declared in com.google.android.gms.family.v2.manage.model.PasswordCheckState.Success' type=com.google.android.gms.family.model.MemberDataModel origin=GET_PROPERTY
                        ARG <this>: BLOCK type=com.google.android.gms.family.v2.manage.model.PasswordCheckState.Success origin=null
                          VAR IR_TEMPORARY_VARIABLE name:tmp0 type:kotlin.Any? [val]
                            CALL 'public final fun access$FamilyDeleteFragmentScreen$lambda$1 ($passwordState$delegate: androidx.compose.runtime.State<com.google.android.gms.family.v2.manage.model.PasswordCheckState>): com.google.android.gms.family.v2.manage.model.PasswordCheckState declared in com.google.android.gms.family.v2.manage.ui.DeleteUIKt' type=com.google.android.gms.family.v2.manage.model.PasswordCheckState origin=GET_LOCAL_PROPERTY
                              ARG $passwordState$delegate: GET_FIELD 'FIELD FIELD_FOR_CAPTURED_VALUE name:$passwordState$delegate type:androidx.compose.runtime.State<com.google.android.gms.family.v2.manage.model.PasswordCheckState> visibility:public/*package*/ [final] declared in com.google.android.gms.family.v2.manage.ui.DeleteUIKt.FamilyDeleteFragmentScreen.<no name provided>' type=androidx.compose.runtime.State<com.google.android.gms.family.v2.manage.model.PasswordCheckState> origin=null
                                receiver: GET_VAR '<this>: com.google.android.gms.family.v2.manage.ui.DeleteUIKt.FamilyDeleteFragmentScreen.<no name provided> declared in com.google.android.gms.family.v2.manage.ui.DeleteUIKt.FamilyDeleteFragmentScreen.<no name provided>.invokeSuspend' type=com.google.android.gms.family.v2.manage.ui.DeleteUIKt.FamilyDeleteFragmentScreen.<no name provided> origin=null
                          CALL 'public final fun checkNotNull (object: kotlin.Any?, message: kotlin.String): kotlin.Unit declared in kotlin.jvm.internal.Intrinsics' type=kotlin.Unit origin=null
                            ARG object: GET_VAR 'val tmp0: kotlin.Any? [val] declared in com.google.android.gms.family.v2.manage.ui.DeleteUIKt.FamilyDeleteFragmentScreen.<no name provided>.invokeSuspend' type=kotlin.Any? origin=null
                            ARG message: CONST String type=kotlin.String value="null cannot be cast to non-null type com.google.android.gms.family.v2.manage.model.PasswordCheckState.Success"
                          TYPE_OP type=com.google.android.gms.family.v2.manage.model.PasswordCheckState.Success? origin=CAST typeOperand=com.google.android.gms.family.v2.manage.model.PasswordCheckState.Success?
                            GET_VAR 'val tmp0: kotlin.Any? [val] declared in com.google.android.gms.family.v2.manage.ui.DeleteUIKt.FamilyDeleteFragmentScreen.<no name provided>.invokeSuspend' type=kotlin.Any? origin=null
                    CALL 'public final fun resetPasswordState (): kotlin.Unit declared in com.google.android.gms.family.v2.manage.model.FamilyViewModel' type=kotlin.Unit origin=null
                      ARG <this>: GET_FIELD 'FIELD FIELD_FOR_CAPTURED_VALUE name:$viewModel type:com.google.android.gms.family.v2.manage.model.FamilyViewModel visibility:public/*package*/ [final] declared in com.google.android.gms.family.v2.manage.ui.DeleteUIKt.FamilyDeleteFragmentScreen.<no name provided>' type=com.google.android.gms.family.v2.manage.model.FamilyViewModel origin=null
                        receiver: GET_VAR '<this>: com.google.android.gms.family.v2.manage.ui.DeleteUIKt.FamilyDeleteFragmentScreen.<no name provided> declared in com.google.android.gms.family.v2.manage.ui.DeleteUIKt.FamilyDeleteFragmentScreen.<no name provided>.invokeSuspend' type=com.google.android.gms.family.v2.manage.ui.DeleteUIKt.FamilyDeleteFragmentScreen.<no name provided> origin=null
                    CALL 'public final fun access$FamilyDeleteFragmentScreen$lambda$4 ($showDialog$delegate: androidx.compose.runtime.MutableState<kotlin.Boolean>, <set-?>: kotlin.Boolean): kotlin.Unit declared in com.google.android.gms.family.v2.manage.ui.DeleteUIKt' type=kotlin.Unit origin=EQ
                      ARG $showDialog$delegate: GET_FIELD 'FIELD FIELD_FOR_CAPTURED_VALUE name:$showDialog$delegate type:androidx.compose.runtime.MutableState<kotlin.Boolean> visibility:public/*package*/ [final] declared in com.google.android.gms.family.v2.manage.ui.DeleteUIKt.FamilyDeleteFragmentScreen.<no name provided>' type=androidx.compose.runtime.MutableState<kotlin.Boolean> origin=null
                        receiver: GET_VAR '<this>: com.google.android.gms.family.v2.manage.ui.DeleteUIKt.FamilyDeleteFragmentScreen.<no name provided> declared in com.google.android.gms.family.v2.manage.ui.DeleteUIKt.FamilyDeleteFragmentScreen.<no name provided>.invokeSuspend' type=com.google.android.gms.family.v2.manage.ui.DeleteUIKt.FamilyDeleteFragmentScreen.<no name provided> origin=null
                      ARG <set-?>: CONST Boolean type=kotlin.Boolean value=false
                    CALL 'public final fun access$FamilyDeleteFragmentScreen$lambda$7 ($password$delegate: androidx.compose.runtime.MutableState<kotlin.String>, <set-?>: kotlin.String): kotlin.Unit declared in com.google.android.gms.family.v2.manage.ui.DeleteUIKt' type=kotlin.Unit origin=EQ
                      ARG $password$delegate: GET_FIELD 'FIELD FIELD_FOR_CAPTURED_VALUE name:$password$delegate type:androidx.compose.runtime.MutableState<kotlin.String> visibility:public/*package*/ [final] declared in com.google.android.gms.family.v2.manage.ui.DeleteUIKt.FamilyDeleteFragmentScreen.<no name provided>' type=androidx.compose.runtime.MutableState<kotlin.String> origin=null
                        receiver: GET_VAR '<this>: com.google.android.gms.family.v2.manage.ui.DeleteUIKt.FamilyDeleteFragmentScreen.<no name provided> declared in com.google.android.gms.family.v2.manage.ui.DeleteUIKt.FamilyDeleteFragmentScreen.<no name provided>.invokeSuspend' type=com.google.android.gms.family.v2.manage.ui.DeleteUIKt.FamilyDeleteFragmentScreen.<no name provided> origin=null
                      ARG <set-?>: CONST String type=kotlin.String value=""
          FUN name:create visibility:public modality:FINAL returnType:kotlin.coroutines.Continuation<kotlin.Unit>
            VALUE_PARAMETER INSTANCE_RECEIVER kind:DispatchReceiver name:<this> index:0 type:com.google.android.gms.family.v2.manage.ui.DeleteUIKt.FamilyDeleteFragmentScreen.<no name provided>
            VALUE_PARAMETER kind:Regular name:value index:1 type:kotlin.Any?
            VALUE_PARAMETER kind:Regular name:$completion index:2 type:kotlin.coroutines.Continuation<kotlin.Nothing>
            overridden:
              public open fun create (value: kotlin.Any?, $completion: kotlin.coroutines.Continuation<kotlin.Nothing>): kotlin.coroutines.Continuation<kotlin.Unit> declared in kotlin.coroutines.jvm.internal.SuspendLambda
            BLOCK_BODY
              RETURN type=kotlin.Nothing from='public final fun create (value: kotlin.Any?, $completion: kotlin.coroutines.Continuation<kotlin.Nothing>): kotlin.coroutines.Continuation<kotlin.Unit> declared in com.google.android.gms.family.v2.manage.ui.DeleteUIKt.FamilyDeleteFragmentScreen.<no name provided>'
                CONSTRUCTOR_CALL 'public/*package*/ constructor <init> ($onCheckPasswordSuccess: kotlin.Function1<com.google.android.gms.family.model.MemberDataModel, kotlin.Unit>, $viewModel: com.google.android.gms.family.v2.manage.model.FamilyViewModel, $passwordState$delegate: androidx.compose.runtime.State<com.google.android.gms.family.v2.manage.model.PasswordCheckState>, $showDialog$delegate: androidx.compose.runtime.MutableState<kotlin.Boolean>, $password$delegate: androidx.compose.runtime.MutableState<kotlin.String>, $completion: kotlin.coroutines.Continuation<com.google.android.gms.family.v2.manage.ui.DeleteUIKt.FamilyDeleteFragmentScreen.<no name provided>>?) [primary] declared in com.google.android.gms.family.v2.manage.ui.DeleteUIKt.FamilyDeleteFragmentScreen.<no name provided>' type=com.google.android.gms.family.v2.manage.ui.DeleteUIKt.FamilyDeleteFragmentScreen.<no name provided> origin=null
                  ARG $onCheckPasswordSuccess: GET_FIELD 'FIELD FIELD_FOR_CAPTURED_VALUE name:$onCheckPasswordSuccess type:kotlin.Function1<com.google.android.gms.family.model.MemberDataModel, kotlin.Unit> visibility:public/*package*/ [final] declared in com.google.android.gms.family.v2.manage.ui.DeleteUIKt.FamilyDeleteFragmentScreen.<no name provided>' type=kotlin.Function1<com.google.android.gms.family.model.MemberDataModel, kotlin.Unit> origin=null
                    receiver: GET_VAR '<this>: com.google.android.gms.family.v2.manage.ui.DeleteUIKt.FamilyDeleteFragmentScreen.<no name provided> declared in com.google.android.gms.family.v2.manage.ui.DeleteUIKt.FamilyDeleteFragmentScreen.<no name provided>.create' type=com.google.android.gms.family.v2.manage.ui.DeleteUIKt.FamilyDeleteFragmentScreen.<no name provided> origin=null
                  ARG $viewModel: GET_FIELD 'FIELD FIELD_FOR_CAPTURED_VALUE name:$viewModel type:com.google.android.gms.family.v2.manage.model.FamilyViewModel visibility:public/*package*/ [final] declared in com.google.android.gms.family.v2.manage.ui.DeleteUIKt.FamilyDeleteFragmentScreen.<no name provided>' type=com.google.android.gms.family.v2.manage.model.FamilyViewModel origin=null
                    receiver: GET_VAR '<this>: com.google.android.gms.family.v2.manage.ui.DeleteUIKt.FamilyDeleteFragmentScreen.<no name provided> declared in com.google.android.gms.family.v2.manage.ui.DeleteUIKt.FamilyDeleteFragmentScreen.<no name provided>.create' type=com.google.android.gms.family.v2.manage.ui.DeleteUIKt.FamilyDeleteFragmentScreen.<no name provided> origin=null
                  ARG $passwordState$delegate: GET_FIELD 'FIELD FIELD_FOR_CAPTURED_VALUE name:$passwordState$delegate type:androidx.compose.runtime.State<com.google.android.gms.family.v2.manage.model.PasswordCheckState> visibility:public/*package*/ [final] declared in com.google.android.gms.family.v2.manage.ui.DeleteUIKt.FamilyDeleteFragmentScreen.<no name provided>' type=androidx.compose.runtime.State<com.google.android.gms.family.v2.manage.model.PasswordCheckState> origin=null
                    receiver: GET_VAR '<this>: com.google.android.gms.family.v2.manage.ui.DeleteUIKt.FamilyDeleteFragmentScreen.<no name provided> declared in com.google.android.gms.family.v2.manage.ui.DeleteUIKt.FamilyDeleteFragmentScreen.<no name provided>.create' type=com.google.android.gms.family.v2.manage.ui.DeleteUIKt.FamilyDeleteFragmentScreen.<no name provided> origin=null
                  ARG $showDialog$delegate: GET_FIELD 'FIELD FIELD_FOR_CAPTURED_VALUE name:$showDialog$delegate type:androidx.compose.runtime.MutableState<kotlin.Boolean> visibility:public/*package*/ [final] declared in com.google.android.gms.family.v2.manage.ui.DeleteUIKt.FamilyDeleteFragmentScreen.<no name provided>' type=androidx.compose.runtime.MutableState<kotlin.Boolean> origin=null
                    receiver: GET_VAR '<this>: com.google.android.gms.family.v2.manage.ui.DeleteUIKt.FamilyDeleteFragmentScreen.<no name provided> declared in com.google.android.gms.family.v2.manage.ui.DeleteUIKt.FamilyDeleteFragmentScreen.<no name provided>.create' type=com.google.android.gms.family.v2.manage.ui.DeleteUIKt.FamilyDeleteFragmentScreen.<no name provided> origin=null
                  ARG $password$delegate: GET_FIELD 'FIELD FIELD_FOR_CAPTURED_VALUE name:$password$delegate type:androidx.compose.runtime.MutableState<kotlin.String> visibility:public/*package*/ [final] declared in com.google.android.gms.family.v2.manage.ui.DeleteUIKt.FamilyDeleteFragmentScreen.<no name provided>' type=androidx.compose.runtime.MutableState<kotlin.String> origin=null
                    receiver: GET_VAR '<this>: com.google.android.gms.family.v2.manage.ui.DeleteUIKt.FamilyDeleteFragmentScreen.<no name provided> declared in com.google.android.gms.family.v2.manage.ui.DeleteUIKt.FamilyDeleteFragmentScreen.<no name provided>.create' type=com.google.android.gms.family.v2.manage.ui.DeleteUIKt.FamilyDeleteFragmentScreen.<no name provided> origin=null
                  ARG $completion: GET_VAR '$completion: kotlin.coroutines.Continuation<kotlin.Nothing> declared in com.google.android.gms.family.v2.manage.ui.DeleteUIKt.FamilyDeleteFragmentScreen.<no name provided>.create' type=kotlin.coroutines.Continuation<kotlin.Nothing> origin=null
          FUN name:invoke visibility:public modality:FINAL returnType:kotlin.Any?
            VALUE_PARAMETER INSTANCE_RECEIVER kind:DispatchReceiver name:<this> index:0 type:com.google.android.gms.family.v2.manage.ui.DeleteUIKt.FamilyDeleteFragmentScreen.<no name provided>
            VALUE_PARAMETER kind:Regular name:p1 index:1 type:kotlinx.coroutines.CoroutineScope
            VALUE_PARAMETER kind:Regular name:p2 index:2 type:kotlin.coroutines.Continuation<kotlin.Unit>?
            overridden:
              public abstract fun invoke (p1: P1 of kotlin.jvm.functions.Function2, p2: P2 of kotlin.jvm.functions.Function2): R of kotlin.jvm.functions.Function2 declared in kotlin.jvm.functions.Function2
            BLOCK_BODY
              RETURN type=kotlin.Nothing from='public final fun invoke (p1: kotlinx.coroutines.CoroutineScope, p2: kotlin.coroutines.Continuation<kotlin.Unit>?): kotlin.Any? declared in com.google.android.gms.family.v2.manage.ui.DeleteUIKt.FamilyDeleteFragmentScreen.<no name provided>'
                CALL 'public final fun invokeSuspend ($result: kotlin.Result<kotlin.Any?>): kotlin.Any? declared in com.google.android.gms.family.v2.manage.ui.DeleteUIKt.FamilyDeleteFragmentScreen.<no name provided>' type=kotlin.Any? origin=null
                  ARG <this>: TYPE_OP type=com.google.android.gms.family.v2.manage.ui.DeleteUIKt.FamilyDeleteFragmentScreen.<no name provided> origin=IMPLICIT_CAST typeOperand=com.google.android.gms.family.v2.manage.ui.DeleteUIKt.FamilyDeleteFragmentScreen.<no name provided>
                    CALL 'public final fun create (value: kotlin.Any?, $completion: kotlin.coroutines.Continuation<kotlin.Nothing>): kotlin.coroutines.Continuation<kotlin.Unit> declared in com.google.android.gms.family.v2.manage.ui.DeleteUIKt.FamilyDeleteFragmentScreen.<no name provided>' type=kotlin.coroutines.Continuation<kotlin.Unit> origin=null
                      ARG <this>: GET_VAR '<this>: com.google.android.gms.family.v2.manage.ui.DeleteUIKt.FamilyDeleteFragmentScreen.<no name provided> declared in com.google.android.gms.family.v2.manage.ui.DeleteUIKt.FamilyDeleteFragmentScreen.<no name provided>.invoke' type=com.google.android.gms.family.v2.manage.ui.DeleteUIKt.FamilyDeleteFragmentScreen.<no name provided> origin=null
                      ARG value: GET_VAR 'p1: kotlinx.coroutines.CoroutineScope declared in com.google.android.gms.family.v2.manage.ui.DeleteUIKt.FamilyDeleteFragmentScreen.<no name provided>.invoke' type=kotlinx.coroutines.CoroutineScope origin=null
                      ARG $completion: GET_VAR 'p2: kotlin.coroutines.Continuation<kotlin.Unit>? declared in com.google.android.gms.family.v2.manage.ui.DeleteUIKt.FamilyDeleteFragmentScreen.<no name provided>.invoke' type=kotlin.coroutines.Continuation<kotlin.Unit>? origin=null
                  ARG $result: CALL 'public final fun <unsafe-coerce> <T, R> (v: T of kotlin.jvm.internal.<unsafe-coerce>): R of kotlin.jvm.internal.<unsafe-coerce> declared in kotlin.jvm.internal' type=kotlin.Result<kotlin.Any?> origin=null
                    TYPE_ARG T: kotlin.Any?
                    TYPE_ARG R: kotlin.Result<kotlin.Any?>
                    ARG v: GET_FIELD 'FIELD FIELD_FOR_OBJECT_INSTANCE name:INSTANCE type:kotlin.Unit visibility:public [final,static] declared in kotlin.Unit' type=kotlin.Unit origin=null
          FIELD FIELD_FOR_CAPTURED_VALUE name:$onCheckPasswordSuccess type:kotlin.Function1<com.google.android.gms.family.model.MemberDataModel, kotlin.Unit> visibility:public/*package*/ [final]
          FIELD FIELD_FOR_CAPTURED_VALUE name:$viewModel type:com.google.android.gms.family.v2.manage.model.FamilyViewModel visibility:public/*package*/ [final]
          FIELD FIELD_FOR_CAPTURED_VALUE name:$passwordState$delegate type:androidx.compose.runtime.State<com.google.android.gms.family.v2.manage.model.PasswordCheckState> visibility:public/*package*/ [final]
          FIELD FIELD_FOR_CAPTURED_VALUE name:$showDialog$delegate type:androidx.compose.runtime.MutableState<kotlin.Boolean> visibility:public/*package*/ [final]
          FIELD FIELD_FOR_CAPTURED_VALUE name:$password$delegate type:androidx.compose.runtime.MutableState<kotlin.String> visibility:public/*package*/ [final]
          FUN BRIDGE name:invoke visibility:public modality:OPEN returnType:kotlin.Any?
            VALUE_PARAMETER INSTANCE_RECEIVER kind:DispatchReceiver name:<this> index:0 type:com.google.android.gms.family.v2.manage.ui.DeleteUIKt.FamilyDeleteFragmentScreen.<no name provided>
            VALUE_PARAMETER BRIDGE kind:Regular name:p1 index:1 type:kotlin.Any?
            VALUE_PARAMETER BRIDGE kind:Regular name:p2 index:2 type:kotlin.Any?
            EXPRESSION_BODY
              RETURN type=kotlin.Nothing from='public open fun invoke (p1: kotlin.Any?, p2: kotlin.Any?): kotlin.Any? declared in com.google.android.gms.family.v2.manage.ui.DeleteUIKt.FamilyDeleteFragmentScreen.<no name provided>'
                CALL 'public final fun invoke (p1: kotlinx.coroutines.CoroutineScope, p2: kotlin.coroutines.Continuation<kotlin.Unit>?): kotlin.Any? declared in com.google.android.gms.family.v2.manage.ui.DeleteUIKt.FamilyDeleteFragmentScreen.<no name provided>' type=kotlin.Any? origin=BRIDGE_DELEGATION
                  ARG <this>: GET_VAR '<this>: com.google.android.gms.family.v2.manage.ui.DeleteUIKt.FamilyDeleteFragmentScreen.<no name provided> declared in com.google.android.gms.family.v2.manage.ui.DeleteUIKt.FamilyDeleteFragmentScreen.<no name provided>.invoke' type=com.google.android.gms.family.v2.manage.ui.DeleteUIKt.FamilyDeleteFragmentScreen.<no name provided> origin=null
                  ARG p1: TYPE_OP type=kotlinx.coroutines.CoroutineScope origin=IMPLICIT_CAST typeOperand=kotlinx.coroutines.CoroutineScope
                    GET_VAR 'p1: kotlin.Any? declared in com.google.android.gms.family.v2.manage.ui.DeleteUIKt.FamilyDeleteFragmentScreen.<no name provided>.invoke' type=kotlin.Any? origin=null
                  ARG p2: TYPE_OP type=kotlin.coroutines.Continuation<*> origin=IMPLICIT_CAST typeOperand=kotlin.coroutines.Continuation<*>
                    GET_VAR 'p2: kotlin.Any? declared in com.google.android.gms.family.v2.manage.ui.DeleteUIKt.FamilyDeleteFragmentScreen.<no name provided>.invoke' type=kotlin.Any? origin=null
        CONSTRUCTOR_CALL 'public/*package*/ constructor <init> ($onCheckPasswordSuccess: kotlin.Function1<com.google.android.gms.family.model.MemberDataModel, kotlin.Unit>, $viewModel: com.google.android.gms.family.v2.manage.model.FamilyViewModel, $passwordState$delegate: androidx.compose.runtime.State<com.google.android.gms.family.v2.manage.model.PasswordCheckState>, $showDialog$delegate: androidx.compose.runtime.MutableState<kotlin.Boolean>, $password$delegate: androidx.compose.runtime.MutableState<kotlin.String>, $completion: kotlin.coroutines.Continuation<com.google.android.gms.family.v2.manage.ui.DeleteUIKt.FamilyDeleteFragmentScreen.<no name provided>>?) [primary] declared in com.google.android.gms.family.v2.manage.ui.DeleteUIKt.FamilyDeleteFragmentScreen.<no name provided>' type=com.google.android.gms.family.v2.manage.ui.DeleteUIKt.FamilyDeleteFragmentScreen.<no name provided> origin=null
          ARG $onCheckPasswordSuccess: GET_VAR 'onCheckPasswordSuccess: kotlin.Function1<com.google.android.gms.family.model.MemberDataModel, kotlin.Unit> declared in com.google.android.gms.family.v2.manage.ui.DeleteUIKt.FamilyDeleteFragmentScreen' type=kotlin.Function1<com.google.android.gms.family.model.MemberDataModel, kotlin.Unit> origin=null
          ARG $viewModel: GET_VAR 'viewModel: com.google.android.gms.family.v2.manage.model.FamilyViewModel declared in com.google.android.gms.family.v2.manage.ui.DeleteUIKt.FamilyDeleteFragmentScreen' type=com.google.android.gms.family.v2.manage.model.FamilyViewModel origin=null
          ARG $passwordState$delegate: GET_VAR 'val passwordState$delegate: androidx.compose.runtime.State<com.google.android.gms.family.v2.manage.model.PasswordCheckState> [val] declared in com.google.android.gms.family.v2.manage.ui.DeleteUIKt.FamilyDeleteFragmentScreen' type=androidx.compose.runtime.State<com.google.android.gms.family.v2.manage.model.PasswordCheckState> origin=null
          ARG $showDialog$delegate: GET_VAR 'val showDialog$delegate: androidx.compose.runtime.MutableState<kotlin.Boolean> [val] declared in com.google.android.gms.family.v2.manage.ui.DeleteUIKt.FamilyDeleteFragmentScreen' type=androidx.compose.runtime.MutableState<kotlin.Boolean> origin=null
          ARG $password$delegate: GET_VAR 'val password$delegate: androidx.compose.runtime.MutableState<kotlin.String> [val] declared in com.google.android.gms.family.v2.manage.ui.DeleteUIKt.FamilyDeleteFragmentScreen' type=androidx.compose.runtime.MutableState<kotlin.String> origin=null
          ARG $completion: CONST Null type=kotlin.Nothing? value=null
    CALL 'public final fun Box$default (modifier: androidx.compose.ui.Modifier?, contentAlignment: androidx.compose.ui.Alignment?, propagateMinConstraints: kotlin.Boolean, content: @[Composable] @[ExtensionFunctionType] kotlin.Function1<androidx.compose.foundation.layout.BoxScope, kotlin.Unit>, $mask0: kotlin.Int, $handler: kotlin.Any?): kotlin.Unit [inline] declared in androidx.compose.foundation.layout.BoxKt' type=kotlin.Unit origin=DEFAULT_DISPATCH_CALL
      ARG modifier: CALL 'public final fun fillMaxSize$default (<this>: androidx.compose.ui.Modifier, fraction: kotlin.Float, $mask0: kotlin.Int, $handler: kotlin.Any?): androidx.compose.ui.Modifier declared in androidx.compose.foundation.layout.SizeKt' type=androidx.compose.ui.Modifier origin=DEFAULT_DISPATCH_CALL
        ARG <this>: GET_FIELD 'FIELD FIELD_FOR_OBJECT_INSTANCE name:Companion type:androidx.compose.ui.Modifier.Companion visibility:public [final,static] declared in androidx.compose.ui.Modifier' type=androidx.compose.ui.Modifier.Companion origin=null
        ARG fraction: COMPOSITE type=kotlin.Float origin=DEFAULT_VALUE
          CONST Float type=kotlin.Float value=0.0
        ARG $mask0: CONST Int type=kotlin.Int value=1
        ARG $handler: CONST Null type=kotlin.Any? value=null
      ARG contentAlignment: COMPOSITE type=androidx.compose.ui.Alignment? origin=DEFAULT_VALUE
        CONST Null type=androidx.compose.ui.Alignment? value=null
      ARG propagateMinConstraints: COMPOSITE type=kotlin.Boolean origin=DEFAULT_VALUE
        CONST Boolean type=kotlin.Boolean value=false
      ARG content: BLOCK type=@[ExtensionFunctionType] kotlin.Function1<androidx.compose.foundation.layout.BoxScope, kotlin.Unit> origin=LAMBDA
        COMPOSITE type=kotlin.Unit origin=null
        FUNCTION_REFERENCE 'private final fun FamilyDeleteFragmentScreen$lambda$8 ($this$Box: androidx.compose.foundation.layout.BoxScope, $displayName: kotlin.String, $leaveFamily: kotlin.Boolean, $uiState$delegate: androidx.compose.runtime.State<com.google.android.gms.family.v2.manage.model.UiState>, $onHelpClick: kotlin.Function1<com.google.android.gms.family.v2.model.HelpData, kotlin.Unit>, $onCancelDelete: kotlin.Function0<kotlin.Unit>, $showDialog$delegate: androidx.compose.runtime.MutableState<kotlin.Boolean>, $password$delegate: androidx.compose.runtime.MutableState<kotlin.String>, $passwordState$delegate: androidx.compose.runtime.State<com.google.android.gms.family.v2.manage.model.PasswordCheckState>, $onValidatePassword: kotlin.Function2<kotlin.String, com.google.android.gms.family.model.MemberDataModel, kotlin.Unit>, $viewModel: com.google.android.gms.family.v2.manage.model.FamilyViewModel): kotlin.Unit declared in com.google.android.gms.family.v2.manage.ui.DeleteUIKt' type=@[ExtensionFunctionType] kotlin.Function1<androidx.compose.foundation.layout.BoxScope, kotlin.Unit> origin=INLINE_LAMBDA reflectionTarget=null
          ARG $displayName: GET_VAR 'displayName: kotlin.String declared in com.google.android.gms.family.v2.manage.ui.DeleteUIKt.FamilyDeleteFragmentScreen' type=kotlin.String origin=null
          ARG $leaveFamily: GET_VAR 'leaveFamily: kotlin.Boolean declared in com.google.android.gms.family.v2.manage.ui.DeleteUIKt.FamilyDeleteFragmentScreen' type=kotlin.Boolean origin=null
          ARG $uiState$delegate: GET_VAR 'val uiState$delegate: androidx.compose.runtime.State<com.google.android.gms.family.v2.manage.model.UiState> [val] declared in com.google.android.gms.family.v2.manage.ui.DeleteUIKt.FamilyDeleteFragmentScreen' type=androidx.compose.runtime.State<com.google.android.gms.family.v2.manage.model.UiState> origin=null
          ARG $onHelpClick: GET_VAR 'onHelpClick: kotlin.Function1<com.google.android.gms.family.v2.model.HelpData, kotlin.Unit> declared in com.google.android.gms.family.v2.manage.ui.DeleteUIKt.FamilyDeleteFragmentScreen' type=kotlin.Function1<com.google.android.gms.family.v2.model.HelpData, kotlin.Unit> origin=null
          ARG $onCancelDelete: GET_VAR 'onCancelDelete: kotlin.Function0<kotlin.Unit> declared in com.google.android.gms.family.v2.manage.ui.DeleteUIKt.FamilyDeleteFragmentScreen' type=kotlin.Function0<kotlin.Unit> origin=null
          ARG $showDialog$delegate: GET_VAR 'val showDialog$delegate: androidx.compose.runtime.MutableState<kotlin.Boolean> [val] declared in com.google.android.gms.family.v2.manage.ui.DeleteUIKt.FamilyDeleteFragmentScreen' type=androidx.compose.runtime.MutableState<kotlin.Boolean> origin=null
          ARG $password$delegate: GET_VAR 'val password$delegate: androidx.compose.runtime.MutableState<kotlin.String> [val] declared in com.google.android.gms.family.v2.manage.ui.DeleteUIKt.FamilyDeleteFragmentScreen' type=androidx.compose.runtime.MutableState<kotlin.String> origin=null
          ARG $passwordState$delegate: GET_VAR 'val passwordState$delegate: androidx.compose.runtime.State<com.google.android.gms.family.v2.manage.model.PasswordCheckState> [val] declared in com.google.android.gms.family.v2.manage.ui.DeleteUIKt.FamilyDeleteFragmentScreen' type=androidx.compose.runtime.State<com.google.android.gms.family.v2.manage.model.PasswordCheckState> origin=null
          ARG $onValidatePassword: GET_VAR 'onValidatePassword: kotlin.Function2<kotlin.String, com.google.android.gms.family.model.MemberDataModel, kotlin.Unit> declared in com.google.android.gms.family.v2.manage.ui.DeleteUIKt.FamilyDeleteFragmentScreen' type=kotlin.Function2<kotlin.String, com.google.android.gms.family.model.MemberDataModel, kotlin.Unit> origin=null
          ARG $viewModel: GET_VAR 'viewModel: com.google.android.gms.family.v2.manage.model.FamilyViewModel declared in com.google.android.gms.family.v2.manage.ui.DeleteUIKt.FamilyDeleteFragmentScreen' type=com.google.android.gms.family.v2.manage.model.FamilyViewModel origin=null
      ARG $mask0: CONST Int type=kotlin.Int value=6
      ARG $handler: CONST Null type=kotlin.Any? value=null

	at org.jetbrains.kotlin.backend.jvm.codegen.FunctionCodegen.generate(FunctionCodegen.kt:53)
	at org.jetbrains.kotlin.backend.jvm.codegen.FunctionCodegen.generate$default(FunctionCodegen.kt:46)
	at org.jetbrains.kotlin.backend.jvm.codegen.ClassCodegen.generateMethodNode(ClassCodegen.kt:422)
	at org.jetbrains.kotlin.backend.jvm.codegen.ClassCodegen.generateMethod(ClassCodegen.kt:439)
	at org.jetbrains.kotlin.backend.jvm.codegen.ClassCodegen.generate(ClassCodegen.kt:164)
	at org.jetbrains.kotlin.backend.jvm.JvmIrCodegenFactory.generateFile(JvmIrCodegenFactory.kt:446)
	at org.jetbrains.kotlin.backend.jvm.JvmIrCodegenFactory.invokeCodegen(JvmIrCodegenFactory.kt:413)
	at org.jetbrains.kotlin.cli.jvm.compiler.KotlinToJVMBytecodeCompiler.runCodegen$cli(KotlinToJVMBytecodeCompiler.kt:425)
	at org.jetbrains.kotlin.cli.pipeline.jvm.JvmBackendPipelinePhase.executePhase(JvmBackendPipelinePhase.kt:89)
	at org.jetbrains.kotlin.cli.pipeline.jvm.JvmBackendPipelinePhase.executePhase(JvmBackendPipelinePhase.kt:27)
	at org.jetbrains.kotlin.cli.pipeline.PipelinePhase.phaseBody(PipelinePhase.kt:68)
	at org.jetbrains.kotlin.cli.pipeline.PipelinePhase.phaseBody(PipelinePhase.kt:58)
	at org.jetbrains.kotlin.config.phaser.NamedCompilerPhase.invoke(CompilerPhase.kt:102)
	at org.jetbrains.kotlin.backend.common.phaser.CompositePhase.invoke(PhaseBuilders.kt:22)
	at org.jetbrains.kotlin.config.phaser.CompilerPhaseKt.invokeToplevel(CompilerPhase.kt:53)
	at org.jetbrains.kotlin.cli.pipeline.AbstractCliPipeline.runPhasedPipeline(AbstractCliPipeline.kt:109)
	at org.jetbrains.kotlin.cli.pipeline.AbstractCliPipeline.execute(AbstractCliPipeline.kt:68)
	at org.jetbrains.kotlin.cli.jvm.K2JVMCompiler.doExecutePhased(K2JVMCompiler.kt:79)
	at org.jetbrains.kotlin.cli.jvm.K2JVMCompiler.doExecutePhased(K2JVMCompiler.kt:45)
	at org.jetbrains.kotlin.cli.common.CLICompiler.execImpl(CLICompiler.kt:90)
	at org.jetbrains.kotlin.cli.common.CLICompiler.exec(CLICompiler.kt:352)
	at org.jetbrains.kotlin.incremental.IncrementalJvmCompilerRunnerBase.runCompiler(IncrementalJvmCompilerRunnerBase.kt:176)
	at org.jetbrains.kotlin.incremental.IncrementalJvmCompilerRunnerBase.runCompiler(IncrementalJvmCompilerRunnerBase.kt:39)
	at org.jetbrains.kotlin.incremental.IncrementalCompilerRunner.doCompile(IncrementalCompilerRunner.kt:499)
	at org.jetbrains.kotlin.incremental.IncrementalCompilerRunner.compileImpl(IncrementalCompilerRunner.kt:416)
	at org.jetbrains.kotlin.incremental.IncrementalCompilerRunner.compileNonIncrementally(IncrementalCompilerRunner.kt:301)
	at org.jetbrains.kotlin.incremental.IncrementalCompilerRunner.compile(IncrementalCompilerRunner.kt:128)
	at org.jetbrains.kotlin.daemon.CompileServiceImplBase.execIncrementalCompiler(CompileServiceImpl.kt:684)
	at org.jetbrains.kotlin.daemon.CompileServiceImplBase.access$execIncrementalCompiler(CompileServiceImpl.kt:94)
	at org.jetbrains.kotlin.daemon.CompileServiceImpl.compile(CompileServiceImpl.kt:1810)
	at jdk.internal.reflect.GeneratedMethodAccessor12.invoke(Unknown Source)
	at java.base/jdk.internal.reflect.DelegatingMethodAccessorImpl.invoke(DelegatingMethodAccessorImpl.java:43)
	at java.base/java.lang.reflect.Method.invoke(Method.java:569)
	at java.rmi/sun.rmi.server.UnicastServerRef.dispatch(UnicastServerRef.java:360)
	at java.rmi/sun.rmi.transport.Transport$1.run(Transport.java:200)
	at java.rmi/sun.rmi.transport.Transport$1.run(Transport.java:197)
	at java.base/java.security.AccessController.doPrivileged(AccessController.java:712)
	at java.rmi/sun.rmi.transport.Transport.serviceCall(Transport.java:196)
	at java.rmi/sun.rmi.transport.tcp.TCPTransport.handleMessages(TCPTransport.java:587)
	at java.rmi/sun.rmi.transport.tcp.TCPTransport$ConnectionHandler.run0(TCPTransport.java:828)
	at java.rmi/sun.rmi.transport.tcp.TCPTransport$ConnectionHandler.lambda$run$0(TCPTransport.java:705)
	at java.base/java.security.AccessController.doPrivileged(AccessController.java:399)
	at java.rmi/sun.rmi.transport.tcp.TCPTransport$ConnectionHandler.run(TCPTransport.java:704)
	at java.base/java.util.concurrent.ThreadPoolExecutor.runWorker(ThreadPoolExecutor.java:1136)
	at java.base/java.util.concurrent.ThreadPoolExecutor$Worker.run(ThreadPoolExecutor.java:635)
	at java.base/java.lang.Thread.run(Thread.java:840)
Caused by: org.jetbrains.kotlin.codegen.CompilationException: Back-end (JVM) Internal error: Couldn't inline method call: CALL 'public final fun remember <T> (calculation: @[DisallowComposableCalls] kotlin.Function0<T of androidx.compose.runtime.ComposablesKt.remember>): T of androidx.compose.runtime.ComposablesKt.remember [inline] declared in androidx.compose.runtime.ComposablesKt' type=androidx.compose.runtime.MutableState<kotlin.Boolean> origin=null
Method: null
File is unknown
The root cause java.lang.IllegalStateException was thrown at: org.jetbrains.kotlin.codegen.inline.SourceCompilerForInlineKt.getMethodNode(SourceCompilerForInline.kt:129)
	at org.jetbrains.kotlin.backend.jvm.codegen.IrInlineCodegen.genInlineCall(IrInlineCodegen.kt:82)
	at org.jetbrains.kotlin.backend.jvm.codegen.IrInlineCallGenerator.genCall(IrInlineCallGenerator.kt:36)
	at org.jetbrains.kotlin.backend.jvm.codegen.ExpressionCodegen.visitCall(ExpressionCodegen.kt:589)
	at org.jetbrains.kotlin.backend.jvm.codegen.ExpressionCodegen.visitCall(ExpressionCodegen.kt:134)
	at org.jetbrains.kotlin.ir.expressions.IrCall.accept(IrCall.kt:24)
	at org.jetbrains.kotlin.backend.jvm.codegen.ExpressionCodegen.visitVariable(ExpressionCodegen.kt:729)
	at org.jetbrains.kotlin.backend.jvm.codegen.ExpressionCodegen.visitVariable(ExpressionCodegen.kt:134)
	at org.jetbrains.kotlin.ir.declarations.IrVariable.accept(IrVariable.kt:36)
	at org.jetbrains.kotlin.backend.jvm.codegen.ExpressionCodegen.visitStatementContainer(ExpressionCodegen.kt:530)
	at org.jetbrains.kotlin.backend.jvm.codegen.ExpressionCodegen.visitBlockBody(ExpressionCodegen.kt:535)
	at org.jetbrains.kotlin.backend.jvm.codegen.ExpressionCodegen.visitBlockBody(ExpressionCodegen.kt:134)
	at org.jetbrains.kotlin.ir.expressions.IrBlockBody.accept(IrBlockBody.kt:20)
	at org.jetbrains.kotlin.backend.jvm.codegen.ExpressionCodegen.generate(ExpressionCodegen.kt:232)
	at org.jetbrains.kotlin.backend.jvm.codegen.FunctionCodegen.doGenerate(FunctionCodegen.kt:129)
	at org.jetbrains.kotlin.backend.jvm.codegen.FunctionCodegen.generate(FunctionCodegen.kt:50)
	... 45 more
Caused by: java.lang.IllegalStateException: couldn't find inline method Landroidx/compose/runtime/ComposablesKt;.remember(Lkotlin/jvm/functions/Function0;)Ljava/lang/Object;
	at org.jetbrains.kotlin.codegen.inline.SourceCompilerForInlineKt.getMethodNode(SourceCompilerForInline.kt:129)
	at org.jetbrains.kotlin.codegen.inline.SourceCompilerForInlineKt.loadCompiledInlineFunction$lambda$0(SourceCompilerForInline.kt:98)
	at org.jetbrains.kotlin.codegen.inline.InlineCache.computeMethodBytes(InlineCache.kt:90)
	at org.jetbrains.kotlin.codegen.inline.SourceCompilerForInlineKt.loadCompiledInlineFunction(SourceCompilerForInline.kt:93)
	at org.jetbrains.kotlin.backend.jvm.codegen.IrSourceCompilerForInline.compileInlineFunction(IrSourceCompilerForInline.kt:96)
	at org.jetbrains.kotlin.backend.jvm.codegen.IrInlineCodegen.genInlineCall(IrInlineCodegen.kt:65)
	... 59 more


